<?xml version="1.0" encoding="UTF-8"?>
<testsuite xmlns:xsi="http://www.w3.org/2001/XMLSchema-instance" xsi:noNamespaceSchemaLocation="https://maven.apache.org/surefire/maven-surefire-plugin/xsd/surefire-test-report-3.0.xsd" version="3.0" name="com.hazlin.transactionmanagement.service.TransactionServiceTest" time="0.214" tests="8" errors="0" skipped="0" failures="0">
  <properties>
[...]
</properties>
  <testcase name="getAllTransactions_shouldReturnPageOfTransactions" classname="com.hazlin.transactionmanagement.service.TransactionServiceTest" time="0.183"/>
  <testcase name="getTransactionById_shouldThrowException_whenTransactionNotFound" classname="com.hazlin.transactionmanagement.service.TransactionServiceTest" time="0.004"/>
  <testcase name="deleteTransaction_shouldCallDeleteById" classname="com.hazlin.transactionmanagement.service.TransactionServiceTest" time="0.007"/>
  <testcase name="deleteTransaction_shouldThrowException_whenTransactionNotFound" classname="com.hazlin.transactionmanagement.service.TransactionServiceTest" time="0.002"/>
  <testcase name="getTransactionById_shouldReturnTransaction" classname="com.hazlin.transactionmanagement.service.TransactionServiceTest" time="0.002"/>
  <testcase name="updateTransaction_shouldReturnUpdatedTransaction" classname="com.hazlin.transactionmanagement.service.TransactionServiceTest" time="0.003"/>
  <testcase name="updateTransaction_shouldThrowException_whenTransactionNotFound" classname="com.hazlin.transactionmanagement.service.TransactionServiceTest" time="0.002"/>
  <testcase name="createTransaction_shouldReturnCreatedTransaction" classname="com.hazlin.transactionmanagement.service.TransactionServiceTest" time="0.002"/>
</testsuite>